[     457ms] [INFO] %cDownload the React DevTools for a better development experience: https://react.dev/link/react-devtools font-weight:bold @ http://localhost:3000/_next/static/chunks/node_modules_next_dist_115brz8._.js:2431
[     515ms] [LOG] [HMR] connected @ http://localhost:3000/_next/static/chunks/node_modules_next_dist_115brz8._.js:2431
[   75866ms] [ERROR] %s a style property during rerender (%s) when a conflicting property is set (%s) can lead to styling bugs. To avoid this, don't mix shorthand and non-shorthand properties for the same value; instead, replace the shorthand with separate values. Updating border borderTop @ http://localhost:3000/_next/static/chunks/node_modules_next_dist_115brz8._.js:3272
[   95978ms] [ERROR] %s a style property during rerender (%s) when a conflicting property is set (%s) can lead to styling bugs. To avoid this, don't mix shorthand and non-shorthand properties for the same value; instead, replace the shorthand with separate values. Updating border borderTop @ http://localhost:3000/_next/static/chunks/node_modules_next_dist_115brz8._.js:3272
[   95978ms] [ERROR] %s a style property during rerender (%s) when a conflicting property is set (%s) can lead to styling bugs. To avoid this, don't mix shorthand and non-shorthand properties for the same value; instead, replace the shorthand with separate values. Updating border borderTop @ http://localhost:3000/_next/static/chunks/node_modules_next_dist_115brz8._.js:3272
[  119675ms] [ERROR] %s a style property during rerender (%s) when a conflicting property is set (%s) can lead to styling bugs. To avoid this, don't mix shorthand and non-shorthand properties for the same value; instead, replace the shorthand with separate values. Updating border borderTop @ http://localhost:3000/_next/static/chunks/node_modules_next_dist_115brz8._.js:3272
[  528373ms] [LOG] [Fast Refresh] rebuilding @ http://localhost:3000/_next/static/chunks/node_modules_next_dist_115brz8._.js:2431
[  528432ms] [LOG] [Fast Refresh] done in 127ms @ http://localhost:3000/_next/static/chunks/node_modules_next_dist_115brz8._.js:2431
[  528872ms] TypeError: Cannot read properties of undefined (reading 'bg')
    at PeriodHeroBanner (http://localhost:3000/_next/static/chunks/src_06qhaq~._.js?id=%255Bproject%255D%252Fsrc%252Fwidgets%252Ftimeline-canvas%252Fui%252FPeriodHeroBanner.tsx+%255Bapp-client%255D+%2528ecmascript%2529:23:29)
    at Object.react_stack_bottom_frame (http://localhost:3000/_next/static/chunks/node_modules_next_dist_compiled_react-dom_058-ah~._.js:15037:24)
    at renderWithHooks (http://localhost:3000/_next/static/chunks/node_modules_next_dist_compiled_react-dom_058-ah~._.js:4620:24)
    at updateFunctionComponent (http://localhost:3000/_next/static/chunks/node_modules_next_dist_compiled_react-dom_058-ah~._.js:6081:21)
    at beginWork (http://localhost:3000/_next/static/chunks/node_modules_next_dist_compiled_react-dom_058-ah~._.js:6691:24)
    at runWithFiberInDEV (http://localhost:3000/_next/static/chunks/node_modules_next_dist_compiled_react-dom_058-ah~._.js:965:74)
    at performUnitOfWork (http://localhost:3000/_next/static/chunks/node_modules_next_dist_compiled_react-dom_058-ah~._.js:9555:97)
    at workLoopSync (http://localhost:3000/_next/static/chunks/node_modules_next_dist_compiled_react-dom_058-ah~._.js:9449:40)
    at renderRootSync (http://localhost:3000/_next/static/chunks/node_modules_next_dist_compiled_react-dom_058-ah~._.js:9433:13)
    at performWorkOnRoot (http://localhost:3000/_next/static/chunks/node_modules_next_dist_compiled_react-dom_058-ah~._.js:9061:186)
    at performSyncWorkOnRoot (http://localhost:3000/_next/static/chunks/node_modules_next_dist_compiled_react-dom_058-ah~._.js:10263:9)
    at flushSyncWorkAcrossRoots_impl (http://localhost:3000/_next/static/chunks/node_modules_next_dist_compiled_react-dom_058-ah~._.js:10179:316)
    at processRootScheduleInMicrotask (http://localhost:3000/_next/static/chunks/node_modules_next_dist_compiled_react-dom_058-ah~._.js:10200:106)
    at http://localhost:3000/_next/static/chunks/node_modules_next_dist_compiled_react-dom_058-ah~._.js:10274:158
[  528997ms] [LOG] [Fast Refresh] rebuilding @ http://localhost:3000/_next/static/chunks/node_modules_next_dist_115brz8._.js:2431
[  529062ms] [ERROR] Failed to load resource: net::ERR_CONNECTION_RESET @ http://localhost:3000/_next/static/chunks/src_06qhaq~._.js:0
[  529064ms] [ERROR] Failed to load resource: net::ERR_CONNECTION_RESET @ http://localhost:3000/__nextjs_original-stack-frames:0
[  529064ms] [ERROR] Failed to load resource: net::ERR_INCOMPLETE_CHUNKED_ENCODING @ http://localhost:3000/?_rsc=wnywt:0
[  529064ms] [ERROR] Failed to load resource: net::ERR_INCOMPLETE_CHUNKED_ENCODING @ http://localhost:3000/?_rsc=wnywt:0
[  530066ms] [ERROR] WebSocket connection to 'ws://localhost:3000/_next/webpack-hmr?id=jbzJ6PjwaAiZQ5Fx_okD8' failed: Error in connection establishment: net::ERR_CONNECTION_REFUSED @ http://localhost:3000/_next/static/chunks/node_modules_next_dist_client_0fhqo1d._.js:13299
[  531069ms] [ERROR] WebSocket connection to 'ws://localhost:3000/_next/webpack-hmr?id=jbzJ6PjwaAiZQ5Fx_okD8' failed: Error in connection establishment: net::ERR_CONNECTION_REFUSED @ http://localhost:3000/_next/static/chunks/node_modules_next_dist_client_0fhqo1d._.js:13299
[  532075ms] [ERROR] WebSocket connection to 'ws://localhost:3000/_next/webpack-hmr?id=jbzJ6PjwaAiZQ5Fx_okD8' failed: Error in connection establishment: net::ERR_CONNECTION_REFUSED @ http://localhost:3000/_next/static/chunks/node_modules_next_dist_client_0fhqo1d._.js:13299
[  533078ms] [ERROR] WebSocket connection to 'ws://localhost:3000/_next/webpack-hmr?id=jbzJ6PjwaAiZQ5Fx_okD8' failed: Error in connection establishment: net::ERR_CONNECTION_REFUSED @ http://localhost:3000/_next/static/chunks/node_modules_next_dist_client_0fhqo1d._.js:13299
[  534082ms] [ERROR] WebSocket connection to 'ws://localhost:3000/_next/webpack-hmr?id=jbzJ6PjwaAiZQ5Fx_okD8' failed: Error in connection establishment: net::ERR_CONNECTION_REFUSED @ http://localhost:3000/_next/static/chunks/node_modules_next_dist_client_0fhqo1d._.js:13299
[  539088ms] [ERROR] WebSocket connection to 'ws://localhost:3000/_next/webpack-hmr?id=jbzJ6PjwaAiZQ5Fx_okD8' failed: Error in connection establishment: net::ERR_CONNECTION_REFUSED @ http://localhost:3000/_next/static/chunks/node_modules_next_dist_client_0fhqo1d._.js:13299
[  544095ms] [ERROR] WebSocket connection to 'ws://localhost:3000/_next/webpack-hmr?id=jbzJ6PjwaAiZQ5Fx_okD8' failed: Error in connection establishment: net::ERR_CONNECTION_REFUSED @ http://localhost:3000/_next/static/chunks/node_modules_next_dist_client_0fhqo1d._.js:13299
[  549117ms] [ERROR] WebSocket connection to 'ws://localhost:3000/_next/webpack-hmr?id=jbzJ6PjwaAiZQ5Fx_okD8' failed: Error in connection establishment: net::ERR_CONNECTION_REFUSED @ http://localhost:3000/_next/static/chunks/node_modules_next_dist_client_0fhqo1d._.js:13299
[  554142ms] [ERROR] WebSocket connection to 'ws://localhost:3000/_next/webpack-hmr?id=jbzJ6PjwaAiZQ5Fx_okD8' failed: Error in connection establishment: net::ERR_CONNECTION_REFUSED @ http://localhost:3000/_next/static/chunks/node_modules_next_dist_client_0fhqo1d._.js:13299
[  559193ms] [ERROR] WebSocket connection to 'ws://localhost:3000/_next/webpack-hmr?id=jbzJ6PjwaAiZQ5Fx_okD8' failed: Error in connection establishment: net::ERR_CONNECTION_REFUSED @ http://localhost:3000/_next/static/chunks/node_modules_next_dist_client_0fhqo1d._.js:13299
